<?xml version="1.0" encoding="UTF-8"?>
<!-- Generated by org.testng.reporters.JUnitXMLReporter -->
<testsuite ignored="0" hostname="Gopika" failures="0" tests="2" name="Automation Test Labs Login Page Test" time="18.109" errors="0" timestamp="05 Jul 2025 07:06:18 GMT">
  <testcase classname="tests.LoginTest" name="testLoginPageTitle" time="0.023"/>
  <testcase classname="tests.LoginTest" name="testLoginfunctionality" time="0.983"/>
</testsuite> <!-- Automation Test Labs Login Page Test -->
